2025-11-04 17:06:22,698 INFO cli kfiririririr
2025-11-04 17:06:41,152 INFO cli.py kfiririririr
2025-11-04 17:08:11,509 INFO cli.py args: ['kfir', 'mor']
2025-11-05 12:00:23,443 | INFO | cli.py | args: ['kfir', 'mor']
2025-11-05 12:00:46,482 | INFO | cli.py | args: ['kfir', 'mor']
2025-11-05 12:01:00,708 | INFO | cli.py | args: ['kfir', 'mor']
2025-11-05 12:06:03,910 | INFO | cli.py | args: ['kfir', 'mor']
2025-11-05 12:06:35,360 | INFO | cli.py | args: ['kfir', 'mor']
2025-11-05 12:07:12,291 | INFO | cli.py | args: ['kfir', 'mor']
2025-11-05 12:09:35,106 | INFO | cli.py | args: ['kfir', 'mor']
2025-11-05 12:11:04,187 | INFO | cli.py | args: ['kfir', 'mor']
2025-11-05 12:11:15,360 | INFO | cli.py | args: ['kfir', 'mor']
2025-11-05 12:14:12,747 | INFO | cli.py | args: ['kfir', 'mor']
2025-11-05 12:14:21,964 | INFO | connector.api | Get json
2025-11-05 12:14:21,965 | INFO | cli.py | args: ['kfir', 'mor']
2025-11-05 12:14:48,846 | INFO | connector.api | Get json
2025-11-05 12:14:48,847 | INFO | cli.py | args: ['kfir', 'mor']
2025-11-05 12:14:59,027 | INFO | connector.api | Get json
2025-11-05 12:16:21,420 | INFO | connector.api | Get json
2025-11-05 12:16:21,422 | INFO | cli.py | args: ['kfir', 'mor']
2025-11-05 12:19:58,688 | INFO | connector.api | Get json
2025-11-05 12:19:58,710 | INFO | cli.py | args: ['kfir', 'mor']
2025-11-05 12:20:28,923 | INFO | connector.api | Get json
2025-11-05 12:20:28,925 | INFO | cli.py | args: ['kfir', 'mor']
2025-11-05 13:12:38,399 | INFO | connector.api | Get json
2025-11-05 13:12:38,410 | INFO | connector.api | Get json
2025-11-05 13:13:26,259 | INFO | connector.api | Get json
2025-11-05 13:13:26,275 | INFO | connector.api | Get json
2025-11-05 13:13:45,578 | INFO | connector.api | Get json
2025-11-05 13:13:45,590 | INFO | connector.api | Get json
2025-11-05 13:13:45,591 | INFO | cli.py | args: ['kfir', 'mor']
2025-11-05 13:14:21,290 | INFO | connector.api | Get json
2025-11-05 13:14:21,303 | INFO | connector.api | Get json
2025-11-05 13:14:21,305 | INFO | cli.py | args: ['kfir', 'mor']
2025-11-05 13:14:40,025 | INFO | cli.py | args: ['kfir', 'mor']
2025-11-05 13:14:41,651 | INFO | cli.py | args: ['kfir', 'mor']
2025-11-05 13:14:53,128 | INFO | connector.api | Get json
2025-11-05 13:14:53,141 | INFO | connector.api | Get json
2025-11-05 13:14:53,142 | INFO | cli.py | args: ['kfir', 'mor']
2025-11-05 13:16:37,982 | INFO | connector.api | Get json
2025-11-05 13:16:37,998 | INFO | connector.api | Get json
2025-11-05 13:16:37,999 | INFO | cli.py | args: ['kfir', 'mor']
2025-11-05 13:20:55,921 | INFO | connector.api | Get json
2025-11-05 13:20:55,931 | INFO | connector.api | Get json
2025-11-05 13:20:55,935 | INFO | cli.py | args: ['kfir', 'mor']
2025-11-05 13:21:50,980 | INFO | connector.api | Get json
2025-11-05 13:21:50,995 | INFO | connector.api | Get json
2025-11-05 13:21:50,998 | INFO | cli.py | args: ['kfir', 'mor']
2025-11-05 13:23:30,996 | INFO | connector.api | Get json
2025-11-05 13:23:31,008 | INFO | connector.api | Get json
2025-11-05 13:23:31,013 | INFO | cli.py | args: ['kfir', 'mor']
2025-11-05 13:24:05,668 | INFO | connector.api | Get json
2025-11-05 13:24:05,679 | INFO | connector.api | Get json
2025-11-05 13:24:05,684 | INFO | cli.py | args: ['kfir', 'mor']
2025-11-05 13:27:01,457 | INFO | connector.api | Get json
2025-11-05 13:27:01,473 | INFO | connector.api | Get json
2025-11-05 13:27:01,477 | INFO | cli.py | args: ['kfir', 'mor']
2025-11-05 13:27:34,581 | INFO | connector.api | Get json
2025-11-05 13:27:34,600 | INFO | connector.api | Get json
2025-11-05 13:27:34,602 | INFO | cli.py | args: ['kfir', 'mor']
2025-11-05 13:27:54,001 | INFO | connector.api | Get json
2025-11-05 13:27:54,013 | INFO | connector.api | Get json
2025-11-05 13:27:54,017 | INFO | cli.py | args: ['kfir', 'mor']
2025-11-05 13:30:24,150 | INFO | connector.api | Get json
2025-11-05 13:30:24,165 | INFO | connector.api | Get json
2025-11-05 13:30:24,169 | INFO | cli.py | args: ['kfir', 'mor']
2025-11-05 13:47:24,683 | INFO | connector.api | Get json
2025-11-05 13:47:24,695 | INFO | connector.api | Get json
2025-11-05 13:47:40,621 | INFO | connector.api | Get json
2025-11-05 13:47:40,634 | INFO | connector.api | Get json
2025-11-05 13:47:48,718 | INFO | connector.api | Get json
2025-11-05 13:47:48,727 | INFO | connector.api | Get json
2025-11-05 13:48:33,662 | INFO | connector.api | Get json
2025-11-05 13:48:33,679 | INFO | connector.api | Get json
2025-11-05 13:48:33,684 | INFO | cli.py | args: ['kfir', 'mor']
2025-11-05 13:49:09,235 | INFO | connector.api | Get json
2025-11-05 13:49:09,251 | INFO | connector.api | Get json
2025-11-05 13:49:09,254 | INFO | cli.py | args: ['kfir', 'mor']
2025-11-05 13:59:08,862 | INFO | connector.api | Get json
2025-11-05 13:59:08,876 | INFO | connector.api | Get json
2025-11-05 13:59:08,880 | INFO | cli.py | args: ['kfir', 'mor']
2025-11-05 13:59:31,065 | INFO | connector.api | Get json
2025-11-05 13:59:31,077 | INFO | connector.api | Get json
2025-11-05 13:59:43,578 | INFO | connector.api | Get json
2025-11-05 13:59:43,589 | INFO | connector.api | Get json
2025-11-05 14:00:05,915 | INFO | connector.api | Get json
2025-11-05 14:00:05,927 | INFO | connector.api | Get json
2025-11-05 14:01:26,892 | INFO | connector.api | Get json
2025-11-05 14:01:26,906 | INFO | connector.api | Get json
2025-11-05 14:01:31,911 | INFO | connector.api | Get json
2025-11-05 14:01:31,923 | INFO | connector.api | Get json
2025-11-05 14:02:24,283 | INFO | connector.api | Get json
2025-11-05 14:02:24,297 | INFO | connector.api | Get json
2025-11-05 14:03:05,245 | INFO | connector.api | Get json
2025-11-05 14:03:05,256 | INFO | connector.api | Get json
2025-11-05 14:03:05,256 | INFO | cli.py | args: ['kfir', 'mor']
2025-11-05 14:03:37,059 | INFO | connector.api | Get json
2025-11-05 14:03:37,071 | INFO | connector.api | Get json
2025-11-05 14:03:37,071 | INFO | cli.py | args: ['kfir', 'mor']
2025-11-05 14:03:58,569 | INFO | connector.api | Get json
2025-11-05 14:03:58,585 | INFO | connector.api | Get json
2025-11-05 14:03:58,585 | INFO | cli.py | args: ['kfir', 'mor']
2025-11-05 14:12:09,471 | INFO | connector.api | Get json
2025-11-05 14:12:09,489 | INFO | connector.api | Get json
2025-11-05 14:12:09,489 | INFO | cli.py | args: ['kfir', 'mor']
2025-11-05 14:14:06,211 | INFO | connector.api | Get json
2025-11-05 14:14:06,225 | INFO | connector.api | Get json
2025-11-05 14:14:06,227 | INFO | cli.py | args: ['kfir', 'mor']
2025-11-05 14:14:43,757 | INFO | connector.api | Get json
2025-11-05 14:14:43,767 | INFO | connector.api | Get json
2025-11-05 14:14:43,768 | INFO | cli.py | args: ['kfir', 'mor']
2025-11-05 14:15:45,078 | INFO | connector.api | Get json
2025-11-05 14:15:45,091 | INFO | connector.api | Get json
2025-11-05 14:15:45,092 | INFO | cli.py | args: ['kfir', 'mor']
2025-11-05 14:16:11,730 | INFO | connector.api | Get json
2025-11-05 14:16:11,745 | INFO | connector.api | Get json
2025-11-05 14:16:11,746 | INFO | cli.py | args: ['kfir', 'mor']
2025-11-05 14:16:19,876 | INFO | connector.api | Get json
2025-11-05 14:16:19,889 | INFO | connector.api | Get json
2025-11-05 14:16:19,889 | INFO | cli.py | args: ['kfir', 'mor']
2025-11-05 14:16:45,026 | INFO | connector.api | Get json
2025-11-05 14:16:45,037 | INFO | connector.api | Get json
2025-11-05 14:16:45,039 | INFO | cli.py | args: ['kfir', 'mor']
2025-11-05 14:19:14,945 | INFO | connector.api | Get json
2025-11-05 14:19:14,955 | INFO | connector.api | Get json
2025-11-05 14:19:54,201 | INFO | connector.api | Get json
2025-11-05 14:19:54,214 | INFO | connector.api | Get json
2025-11-05 14:20:30,103 | INFO | connector.api | Get json
2025-11-05 14:20:30,116 | INFO | connector.api | Get json
2025-11-05 14:20:48,749 | INFO | connector.api | Get json
2025-11-05 14:20:48,761 | INFO | connector.api | Get json
2025-11-05 14:20:48,761 | INFO | cli.py | args: ['kfir', 'mor']
2025-11-05 14:37:59,995 | INFO | cli.py | args: ['kfir', 'mor']
2025-11-05 14:38:16,653 | INFO | connector.api | Get json
2025-11-05 14:38:16,664 | INFO | connector.api | Get json
2025-11-05 14:38:16,664 | INFO | cli.py | args: ['kfir', 'mor']
2025-11-05 14:38:53,123 | INFO | connector.api | Get json
2025-11-05 14:38:53,133 | INFO | connector.api | Get json
2025-11-05 14:38:53,133 | INFO | cli.py | args: ['kfir', 'mor']
2025-11-05 14:39:20,133 | INFO | connector.api | Get json
2025-11-05 14:39:20,145 | INFO | connector.api | Get json
2025-11-05 14:39:20,145 | INFO | cli.py | args: ['kfir', 'mor']
2025-11-05 14:39:37,158 | INFO | connector.api | Get json
2025-11-05 14:39:37,170 | INFO | connector.api | Get json
2025-11-05 14:39:37,171 | INFO | cli.py | args: ['kfir', 'mor']
2025-11-05 14:47:27,742 | INFO | connector.api | Get json
2025-11-05 14:47:27,755 | INFO | connector.api | Get json
2025-11-05 14:47:27,756 | INFO | cli.py | args: ['kfir', 'mor']
2025-11-05 14:48:41,329 | INFO | connector.api | Get json
2025-11-05 14:48:41,342 | INFO | connector.api | Get json
2025-11-05 14:48:41,342 | INFO | cli.py | args: ['kfir', 'mor']
2025-11-05 14:59:37,684 | INFO | connector.api | Get json
2025-11-05 14:59:37,701 | INFO | connector.api | Get json
2025-11-05 14:59:37,701 | INFO | cli.py | args: ['kfir', 'mor']
2025-11-05 15:03:17,547 | INFO | connector.api | Get json
2025-11-05 15:03:17,563 | INFO | connector.api | Get json
2025-11-05 15:03:17,563 | INFO | cli.py | args: ['kfir', 'mor']
2025-11-05 15:03:38,003 | INFO | connector.api | Get json
2025-11-05 15:03:38,014 | INFO | connector.api | Get json
2025-11-05 15:03:38,014 | INFO | cli.py | args: ['kfir', 'mor']
2025-11-05 15:03:56,410 | INFO | connector.api | Get json
2025-11-05 15:03:56,420 | INFO | connector.api | Get json
2025-11-05 15:03:56,420 | INFO | cli.py | args: ['kfir', 'mor']
2025-11-05 15:04:17,064 | INFO | connector.api | Get json
2025-11-05 15:04:17,075 | INFO | connector.api | Get json
2025-11-05 15:04:17,075 | INFO | cli.py | args: ['kfir', 'mor']
2025-11-05 15:04:28,818 | INFO | connector.api | Get json
2025-11-05 15:04:28,830 | INFO | connector.api | Get json
2025-11-05 15:04:28,830 | INFO | cli.py | args: ['kfir', 'mor']
2025-11-05 15:09:07,905 | INFO | connector.api | Get json
2025-11-05 15:09:07,919 | INFO | connector.api | Get json
2025-11-05 15:09:07,919 | INFO | cli.py | args: ['kfir', 'mor']
2025-11-05 15:11:20,057 | INFO | connector.api | Get json
2025-11-05 15:11:20,071 | INFO | connector.api | Get json
2025-11-05 15:11:20,071 | INFO | cli.py | args: ['kfir', 'mor']
